-- Found ament_cmake: 1.3.12 (/opt/ros/humble/share/ament_cmake/cmake)
-- Found rclcpp: 16.0.16 (/opt/ros/humble/share/rclcpp/cmake)
-- Found rosidl_generator_c: 3.1.7 (/opt/ros/humble/share/rosidl_generator_c/cmake)
-- Found rosidl_adapter: 3.1.7 (/opt/ros/humble/share/rosidl_adapter/cmake)
-- Found rosidl_generator_cpp: 3.1.7 (/opt/ros/humble/share/rosidl_generator_cpp/cmake)
-- Using all available rosidl_typesupport_c: rosidl_typesupport_fastrtps_c;rosidl_typesupport_introspection_c
-- Using all available rosidl_typesupport_cpp: rosidl_typesupport_fastrtps_cpp;rosidl_typesupport_introspection_cpp
-- Found rmw_implementation_cmake: 6.1.2 (/opt/ros/humble/share/rmw_implementation_cmake/cmake)
-- Found rmw_fastrtps_cpp: 6.2.9 (/opt/ros/humble/share/rmw_fastrtps_cpp/cmake)
-- Using RMW implementation 'rmw_fastrtps_cpp' as default
-- Found rosidl_default_generators: 1.2.0 (/opt/ros/humble/share/rosidl_default_generators/cmake)
-- Found ament_cmake_ros: 0.10.0 (/opt/ros/humble/share/ament_cmake_ros/cmake)
-- Using all available rosidl_typesupport_c: rosidl_typesupport_fastrtps_c;rosidl_typesupport_introspection_c
-- Using all available rosidl_typesupport_cpp: rosidl_typesupport_fastrtps_cpp;rosidl_typesupport_introspection_cpp
-- Found python_cmake_module: 0.10.0 (/opt/ros/humble/share/python_cmake_module/cmake)
-- Using PYTHON_EXECUTABLE: /usr/bin/python3
-- Using PYTHON_INCLUDE_DIRS: /usr/include/python3.10
-- Using PYTHON_LIBRARIES: /usr/lib/aarch64-linux-gnu/libpython3.10.so
-- Configuring done
-- Generating done
-- Build files have been written to: /home/linaro/ludan_sdk/build/motor_feedback
[  2%] Generating C code for ROS interfaces
[  2%] Built target ament_cmake_python_copy_motor_feedback
[  5%] Generating C++ code for ROS interfaces
running egg_info
writing motor_feedback.egg-info/PKG-INFO
writing dependency_links to motor_feedback.egg-info/dependency_links.txt
writing top-level names to motor_feedback.egg-info/top_level.txt
reading manifest file 'motor_feedback.egg-info/SOURCES.txt'
writing manifest file 'motor_feedback.egg-info/SOURCES.txt'
[  5%] Built target ament_cmake_python_build_motor_feedback_egg
[  8%] Building C object CMakeFiles/motor_feedback__rosidl_generator_c.dir/rosidl_generator_c/motor_feedback/msg/detail/motor_feedback__functions.c.o
[  8%] Built target motor_feedback__cpp
In file included from /home/linaro/ludan_sdk/build/motor_feedback/rosidl_generator_c/motor_feedback/msg/detail/motor_feedback__functions.h:19,
                 from /home/linaro/ludan_sdk/build/motor_feedback/rosidl_generator_c/motor_feedback/msg/detail/motor_feedback__functions.c:4:
/home/linaro/ludan_sdk/build/motor_feedback/rosidl_generator_c/motor_feedback/msg/detail/motor_feedback__struct.h:22:10: fatal error: builtin_interfaces/msg/detail/time__struct.h: No such file or directory
   22 | #include "builtin_interfaces/msg/detail/time__struct.h"
      |          ^~~~~~~~~~~~~~~~~~~~~~~~~~~~~~~~~~~~~~~~~~~~~~
compilation terminated.
gmake[2]: *** [CMakeFiles/motor_feedback__rosidl_generator_c.dir/build.make:105: CMakeFiles/motor_feedback__rosidl_generator_c.dir/rosidl_generator_c/motor_feedback/msg/detail/motor_feedback__functions.c.o] Error 1
gmake[1]: *** [CMakeFiles/Makefile2:217: CMakeFiles/motor_feedback__rosidl_generator_c.dir/all] Error 2
gmake[1]: *** Waiting for unfinished jobs....
[ 11%] Generating C++ type support for eProsima Fast-RTPS
[ 17%] Generating C++ type support dispatch for ROS interfaces
[ 17%] Generating C++ introspection for ROS interfaces
[ 20%] Building CXX object CMakeFiles/motor_feedback__rosidl_typesupport_cpp.dir/rosidl_typesupport_cpp/motor_feedback/msg/motor_feedback__type_support.cpp.o
[ 22%] Building CXX object CMakeFiles/motor_feedback__rosidl_typesupport_introspection_cpp.dir/rosidl_typesupport_introspection_cpp/motor_feedback/msg/detail/motor_feedback__type_support.cpp.o
[ 25%] Building CXX object CMakeFiles/motor_feedback__rosidl_typesupport_fastrtps_cpp.dir/rosidl_typesupport_fastrtps_cpp/motor_feedback/msg/detail/dds_fastrtps/motor_feedback__type_support.cpp.o
In file included from /home/linaro/ludan_sdk/build/motor_feedback/rosidl_typesupport_cpp/motor_feedback/msg/motor_feedback__type_support.cpp:7:
/home/linaro/ludan_sdk/build/motor_feedback/rosidl_generator_cpp/motor_feedback/msg/detail/motor_feedback__struct.hpp:20:10: fatal error: builtin_interfaces/msg/detail/time__struct.hpp: No such file or directory
   20 | #include "builtin_interfaces/msg/detail/time__struct.hpp"
      |          ^~~~~~~~~~~~~~~~~~~~~~~~~~~~~~~~~~~~~~~~~~~~~~~~
compilation terminated.
In file included from /home/linaro/ludan_sdk/build/motor_feedback/rosidl_typesupport_fastrtps_cpp/motor_feedback/msg/detail/motor_feedback__rosidl_typesupport_fastrtps_cpp.hpp:11,
                 from /home/linaro/ludan_sdk/build/motor_feedback/rosidl_typesupport_fastrtps_cpp/motor_feedback/msg/detail/dds_fastrtps/motor_feedback__type_support.cpp:4:
/home/linaro/ludan_sdk/build/motor_feedback/rosidl_generator_cpp/motor_feedback/msg/detail/motor_feedback__struct.hpp:20:10: fatal error: builtin_interfaces/msg/detail/time__struct.hpp: No such file or directory
   20 | #include "builtin_interfaces/msg/detail/time__struct.hpp"
      |          ^~~~~~~~~~~~~~~~~~~~~~~~~~~~~~~~~~~~~~~~~~~~~~~~
compilation terminated.
gmake[2]: *** [CMakeFiles/motor_feedback__rosidl_typesupport_cpp.dir/build.make:86: CMakeFiles/motor_feedback__rosidl_typesupport_cpp.dir/rosidl_typesupport_cpp/motor_feedback/msg/motor_feedback__type_support.cpp.o] Error 1
gmake[1]: *** [CMakeFiles/Makefile2:399: CMakeFiles/motor_feedback__rosidl_typesupport_cpp.dir/all] Error 2
gmake[2]: *** [CMakeFiles/motor_feedback__rosidl_typesupport_fastrtps_cpp.dir/build.make:91: CMakeFiles/motor_feedback__rosidl_typesupport_fastrtps_cpp.dir/rosidl_typesupport_fastrtps_cpp/motor_feedback/msg/detail/dds_fastrtps/motor_feedback__type_support.cpp.o] Error 1
gmake[1]: *** [CMakeFiles/Makefile2:295: CMakeFiles/motor_feedback__rosidl_typesupport_fastrtps_cpp.dir/all] Error 2
In file included from /home/linaro/ludan_sdk/build/motor_feedback/rosidl_typesupport_introspection_cpp/motor_feedback/msg/detail/motor_feedback__type_support.cpp:12:
/home/linaro/ludan_sdk/build/motor_feedback/rosidl_generator_cpp/motor_feedback/msg/detail/motor_feedback__struct.hpp:20:10: fatal error: builtin_interfaces/msg/detail/time__struct.hpp: No such file or directory
   20 | #include "builtin_interfaces/msg/detail/time__struct.hpp"
      |          ^~~~~~~~~~~~~~~~~~~~~~~~~~~~~~~~~~~~~~~~~~~~~~~~
compilation terminated.
gmake[2]: *** [CMakeFiles/motor_feedback__rosidl_typesupport_introspection_cpp.dir/build.make:91: CMakeFiles/motor_feedback__rosidl_typesupport_introspection_cpp.dir/rosidl_typesupport_introspection_cpp/motor_feedback/msg/detail/motor_feedback__type_support.cpp.o] Error 1
gmake[1]: *** [CMakeFiles/Makefile2:373: CMakeFiles/motor_feedback__rosidl_typesupport_introspection_cpp.dir/all] Error 2
gmake: *** [Makefile:146: all] Error 2
