[  0%] Built target ament_cmake_python_copy_motor_feedback
[  5%] Built target motor_feedback__cpp
[  5%] [32mBuilding C object CMakeFiles/motor_feedback__rosidl_generator_c.dir/rosidl_generator_c/motor_feedback/msg/detail/motor_feedback__functions.c.o[0m
In file included from [01m[K/home/linaro/ludan_sdk/build/motor_feedback/rosidl_generator_c/motor_feedback/msg/detail/motor_feedback__functions.h:19[m[K,
                 from [01m[K/home/linaro/ludan_sdk/build/motor_feedback/rosidl_generator_c/motor_feedback/msg/detail/motor_feedback__functions.c:4[m[K:
[01m[K/home/linaro/ludan_sdk/build/motor_feedback/rosidl_generator_c/motor_feedback/msg/detail/motor_feedback__struct.h:22:10:[m[K [01;31m[Kfatal error: [m[Kbuiltin_interfaces/msg/detail/time__struct.h: No such file or directory
   22 | #include [01;31m[K"builtin_interfaces/msg/detail/time__struct.h"[m[K
      |          [01;31m[K^~~~~~~~~~~~~~~~~~~~~~~~~~~~~~~~~~~~~~~~~~~~~~[m[K
compilation terminated.
gmake[2]: *** [CMakeFiles/motor_feedback__rosidl_generator_c.dir/build.make:105: CMakeFiles/motor_feedback__rosidl_generator_c.dir/rosidl_generator_c/motor_feedback/msg/detail/motor_feedback__functions.c.o] Error 1
gmake[1]: *** [CMakeFiles/Makefile2:217: CMakeFiles/motor_feedback__rosidl_generator_c.dir/all] Error 2
gmake[1]: *** Waiting for unfinished jobs....
[  8%] [32mBuilding CXX object CMakeFiles/motor_feedback__rosidl_typesupport_cpp.dir/rosidl_typesupport_cpp/motor_feedback/msg/motor_feedback__type_support.cpp.o[0m
[ 11%] [32mBuilding CXX object CMakeFiles/motor_feedback__rosidl_typesupport_fastrtps_cpp.dir/rosidl_typesupport_fastrtps_cpp/motor_feedback/msg/detail/dds_fastrtps/motor_feedback__type_support.cpp.o[0m
[ 14%] [32mBuilding CXX object CMakeFiles/motor_feedback__rosidl_typesupport_introspection_cpp.dir/rosidl_typesupport_introspection_cpp/motor_feedback/msg/detail/motor_feedback__type_support.cpp.o[0m
In file included from [01m[K/home/linaro/ludan_sdk/build/motor_feedback/rosidl_typesupport_cpp/motor_feedback/msg/motor_feedback__type_support.cpp:7[m[K:
[01m[K/home/linaro/ludan_sdk/build/motor_feedback/rosidl_generator_cpp/motor_feedback/msg/detail/motor_feedback__struct.hpp:20:10:[m[K [01;31m[Kfatal error: [m[Kbuiltin_interfaces/msg/detail/time__struct.hpp: No such file or directory
   20 | #include [01;31m[K"builtin_interfaces/msg/detail/time__struct.hpp"[m[K
      |          [01;31m[K^~~~~~~~~~~~~~~~~~~~~~~~~~~~~~~~~~~~~~~~~~~~~~~~[m[K
compilation terminated.
gmake[2]: *** [CMakeFiles/motor_feedback__rosidl_typesupport_cpp.dir/build.make:86: CMakeFiles/motor_feedback__rosidl_typesupport_cpp.dir/rosidl_typesupport_cpp/motor_feedback/msg/motor_feedback__type_support.cpp.o] Error 1
gmake[1]: *** [CMakeFiles/Makefile2:399: CMakeFiles/motor_feedback__rosidl_typesupport_cpp.dir/all] Error 2
In file included from [01m[K/home/linaro/ludan_sdk/build/motor_feedback/rosidl_typesupport_fastrtps_cpp/motor_feedback/msg/detail/motor_feedback__rosidl_typesupport_fastrtps_cpp.hpp:11[m[K,
                 from [01m[K/home/linaro/ludan_sdk/build/motor_feedback/rosidl_typesupport_fastrtps_cpp/motor_feedback/msg/detail/dds_fastrtps/motor_feedback__type_support.cpp:4[m[K:
[01m[K/home/linaro/ludan_sdk/build/motor_feedback/rosidl_generator_cpp/motor_feedback/msg/detail/motor_feedback__struct.hpp:20:10:[m[K [01;31m[Kfatal error: [m[Kbuiltin_interfaces/msg/detail/time__struct.hpp: No such file or directory
   20 | #include [01;31m[K"builtin_interfaces/msg/detail/time__struct.hpp"[m[K
      |          [01;31m[K^~~~~~~~~~~~~~~~~~~~~~~~~~~~~~~~~~~~~~~~~~~~~~~~[m[K
compilation terminated.
gmake[2]: *** [CMakeFiles/motor_feedback__rosidl_typesupport_fastrtps_cpp.dir/build.make:91: CMakeFiles/motor_feedback__rosidl_typesupport_fastrtps_cpp.dir/rosidl_typesupport_fastrtps_cpp/motor_feedback/msg/detail/dds_fastrtps/motor_feedback__type_support.cpp.o] Error 1
gmake[1]: *** [CMakeFiles/Makefile2:295: CMakeFiles/motor_feedback__rosidl_typesupport_fastrtps_cpp.dir/all] Error 2
In file included from [01m[K/home/linaro/ludan_sdk/build/motor_feedback/rosidl_typesupport_introspection_cpp/motor_feedback/msg/detail/motor_feedback__type_support.cpp:12[m[K:
[01m[K/home/linaro/ludan_sdk/build/motor_feedback/rosidl_generator_cpp/motor_feedback/msg/detail/motor_feedback__struct.hpp:20:10:[m[K [01;31m[Kfatal error: [m[Kbuiltin_interfaces/msg/detail/time__struct.hpp: No such file or directory
   20 | #include [01;31m[K"builtin_interfaces/msg/detail/time__struct.hpp"[m[K
      |          [01;31m[K^~~~~~~~~~~~~~~~~~~~~~~~~~~~~~~~~~~~~~~~~~~~~~~~[m[K
compilation terminated.
gmake[2]: *** [CMakeFiles/motor_feedback__rosidl_typesupport_introspection_cpp.dir/build.make:91: CMakeFiles/motor_feedback__rosidl_typesupport_introspection_cpp.dir/rosidl_typesupport_introspection_cpp/motor_feedback/msg/detail/motor_feedback__type_support.cpp.o] Error 1
gmake[1]: *** [CMakeFiles/Makefile2:373: CMakeFiles/motor_feedback__rosidl_typesupport_introspection_cpp.dir/all] Error 2
running egg_info
writing motor_feedback.egg-info/PKG-INFO
writing dependency_links to motor_feedback.egg-info/dependency_links.txt
writing top-level names to motor_feedback.egg-info/top_level.txt
reading manifest file 'motor_feedback.egg-info/SOURCES.txt'
writing manifest file 'motor_feedback.egg-info/SOURCES.txt'
[ 14%] Built target ament_cmake_python_build_motor_feedback_egg
gmake: *** [Makefile:146: all] Error 2
