[0.015s] Invoking command in '/home/linaro/ludan_sdk/build/motor_feedback': CMAKE_PREFIX_PATH=${CMAKE_PREFIX_PATH}:/opt/ros/humble /usr/bin/cmake --build /home/linaro/ludan_sdk/build/motor_feedback -- -j8 -l8
[0.089s] [  2%] Building C object CMakeFiles/motor_feedback__rosidl_generator_c.dir/rosidl_generator_c/motor_feedback/msg/detail/motor_feedback__functions.c.o
[0.100s] [  2%] Built target ament_cmake_python_copy_motor_feedback
[0.109s] In file included from /home/linaro/ludan_sdk/build/motor_feedback/rosidl_generator_c/motor_feedback/msg/detail/motor_feedback__functions.h:19,
[0.109s]                  from /home/linaro/ludan_sdk/build/motor_feedback/rosidl_generator_c/motor_feedback/msg/detail/motor_feedback__functions.c:4:
[0.109s] /home/linaro/ludan_sdk/build/motor_feedback/rosidl_generator_c/motor_feedback/msg/detail/motor_feedback__struct.h:22:10: fatal error: builtin_interfaces/msg/detail/time__struct.h: No such file or directory
[0.110s]    22 | #include "builtin_interfaces/msg/detail/time__struct.h"
[0.110s]       |          ^~~~~~~~~~~~~~~~~~~~~~~~~~~~~~~~~~~~~~~~~~~~~~
[0.110s] compilation terminated.
[0.110s] gmake[2]: *** [CMakeFiles/motor_feedback__rosidl_generator_c.dir/build.make:105: CMakeFiles/motor_feedback__rosidl_generator_c.dir/rosidl_generator_c/motor_feedback/msg/detail/motor_feedback__functions.c.o] Error 1
[0.110s] gmake[1]: *** [CMakeFiles/Makefile2:217: CMakeFiles/motor_feedback__rosidl_generator_c.dir/all] Error 2
[0.111s] gmake[1]: *** Waiting for unfinished jobs....
[0.118s] [  5%] Built target motor_feedback__cpp
[0.383s] running egg_info
[0.384s] writing motor_feedback.egg-info/PKG-INFO
[0.384s] writing dependency_links to motor_feedback.egg-info/dependency_links.txt
[0.385s] writing top-level names to motor_feedback.egg-info/top_level.txt
[0.387s] reading manifest file 'motor_feedback.egg-info/SOURCES.txt'
[0.388s] writing manifest file 'motor_feedback.egg-info/SOURCES.txt'
[0.449s] [  5%] Built target ament_cmake_python_build_motor_feedback_egg
[0.452s] gmake: *** [Makefile:146: all] Error 2
[0.456s] Invoked command in '/home/linaro/ludan_sdk/build/motor_feedback' returned '2': CMAKE_PREFIX_PATH=${CMAKE_PREFIX_PATH}:/opt/ros/humble /usr/bin/cmake --build /home/linaro/ludan_sdk/build/motor_feedback -- -j8 -l8
