[0.014s] Invoking command in '/home/linaro/ludan_sdk/example/g1/low_level/build/motor_controller_with_enable': CMAKE_PREFIX_PATH=${CMAKE_PREFIX_PATH}:/opt/ros/humble /usr/bin/cmake /home/linaro/ludan_sdk/example/g1/low_level -DCMAKE_INSTALL_PREFIX=/home/linaro/ludan_sdk/example/g1/low_level/install/motor_controller_with_enable
[0.056s] -- Found ament_cmake: 1.3.12 (/opt/ros/humble/share/ament_cmake/cmake)
[0.318s] -- Found rclcpp: 16.0.16 (/opt/ros/humble/share/rclcpp/cmake)
[0.351s] -- Found rosidl_generator_c: 3.1.7 (/opt/ros/humble/share/rosidl_generator_c/cmake)
[0.355s] -- Found rosidl_adapter: 3.1.7 (/opt/ros/humble/share/rosidl_adapter/cmake)
[0.362s] -- Found rosidl_generator_cpp: 3.1.7 (/opt/ros/humble/share/rosidl_generator_cpp/cmake)
[0.375s] -- Using all available rosidl_typesupport_c: rosidl_typesupport_fastrtps_c;rosidl_typesupport_introspection_c
[0.392s] -- Using all available rosidl_typesupport_cpp: rosidl_typesupport_fastrtps_cpp;rosidl_typesupport_introspection_cpp
[0.437s] -- Found rmw_implementation_cmake: 6.1.2 (/opt/ros/humble/share/rmw_implementation_cmake/cmake)
[0.439s] -- Found rmw_fastrtps_cpp: 6.2.9 (/opt/ros/humble/share/rmw_fastrtps_cpp/cmake)
[0.553s] -- Using RMW implementation 'rmw_fastrtps_cpp' as default
[0.629s] -- Found sensor_msgs: 4.9.0 (/opt/ros/humble/share/sensor_msgs/cmake)
[0.681s] -- Found xixilowcmd: 0.0.0 (/home/linaro/controller_ws/install/xixilowcmd/share/xixilowcmd/cmake)
[0.709s] -- motor_feedback package found - will enable ROS2 publishing
[0.714s] -- Found ament_lint_auto: 0.12.14 (/opt/ros/humble/share/ament_lint_auto/cmake)
[0.825s] -- Added test 'copyright' to check source files copyright and LICENSE
[0.835s] -- Added test 'cppcheck' to perform static code analysis on C / C++ code
[0.835s] -- Configured cppcheck include dirs: /home/linaro/ludan_sdk/example/g1/low_level/../../../../../include
[0.835s] -- Configured cppcheck exclude dirs and/or files: 
[0.861s] -- Added test 'cpplint' to check C / C++ code against the Google style
[0.861s] -- Configured cpplint exclude dirs and/or files: 
[0.865s] -- Added test 'flake8' to check Python code syntax and style conventions
[0.869s] -- Added test 'lint_cmake' to check CMake code style
[0.871s] -- Added test 'pep257' to check Python code against some of the docstring style conventions in PEP 257
[0.881s] -- Added test 'uncrustify' to check C / C++ code style
[0.881s] -- Configured uncrustify additional arguments: 
[0.882s] -- Added test 'xmllint' to check XML markup files
[0.884s] -- Configuring done
[0.924s] -- Generating done
[0.929s] -- Build files have been written to: /home/linaro/ludan_sdk/example/g1/low_level/build/motor_controller_with_enable
[0.941s] Invoked command in '/home/linaro/ludan_sdk/example/g1/low_level/build/motor_controller_with_enable' returned '0': CMAKE_PREFIX_PATH=${CMAKE_PREFIX_PATH}:/opt/ros/humble /usr/bin/cmake /home/linaro/ludan_sdk/example/g1/low_level -DCMAKE_INSTALL_PREFIX=/home/linaro/ludan_sdk/example/g1/low_level/install/motor_controller_with_enable
[0.944s] Invoking command in '/home/linaro/ludan_sdk/example/g1/low_level/build/motor_controller_with_enable': CMAKE_PREFIX_PATH=${CMAKE_PREFIX_PATH}:/opt/ros/humble /usr/bin/cmake --build /home/linaro/ludan_sdk/example/g1/low_level/build/motor_controller_with_enable -- -j8 -l8
[1.057s] [ 25%] Building CXX object CMakeFiles/motor_control_example.dir/motor_control_example.cpp.o
[1.084s] [ 50%] Building CXX object CMakeFiles/motor_controller_with_enable.dir/motor_controller_with_enable.cpp.o
[1.375s] /home/linaro/ludan_sdk/example/g1/low_level/motor_controller_with_enable.cpp:35:10: fatal error: CANFDNET.h: No such file or directory
[1.375s]    35 | #include "CANFDNET.h"
[1.376s]       |          ^~~~~~~~~~~~
[1.376s] compilation terminated.
[1.385s] gmake[2]: *** [CMakeFiles/motor_controller_with_enable.dir/build.make:76: CMakeFiles/motor_controller_with_enable.dir/motor_controller_with_enable.cpp.o] Error 1
[1.385s] gmake[1]: *** [CMakeFiles/Makefile2:139: CMakeFiles/motor_controller_with_enable.dir/all] Error 2
[1.386s] gmake[1]: *** Waiting for unfinished jobs....
[4.628s] /home/linaro/ludan_sdk/example/g1/low_level/motor_control_example.cpp: In function ‘xixilowcmd::msg::LowCmd create_single_motor_command(int, float, float, float, float, float)’:
[4.629s] /home/linaro/ludan_sdk/example/g1/low_level/motor_control_example.cpp:88:23: error: ‘using _motor_cmd_type = struct std::array<xixilowcmd::msg::MotorCmd_<std::allocator<void> >, 30>’ {aka ‘struct std::array<xixilowcmd::msg::MotorCmd_<std::allocator<void> >, 30>’} has no member named ‘push_back’
[4.629s]    88 |         cmd.motor_cmd.push_back(motor_cmd);
[4.629s]       |                       ^~~~~~~~~
[6.013s] gmake[2]: *** [CMakeFiles/motor_control_example.dir/build.make:76: CMakeFiles/motor_control_example.dir/motor_control_example.cpp.o] Error 1
[6.014s] gmake[1]: *** [CMakeFiles/Makefile2:165: CMakeFiles/motor_control_example.dir/all] Error 2
[6.014s] gmake: *** [Makefile:146: all] Error 2
[6.016s] Invoked command in '/home/linaro/ludan_sdk/example/g1/low_level/build/motor_controller_with_enable' returned '2': CMAKE_PREFIX_PATH=${CMAKE_PREFIX_PATH}:/opt/ros/humble /usr/bin/cmake --build /home/linaro/ludan_sdk/example/g1/low_level/build/motor_controller_with_enable -- -j8 -l8
