[0.014s] Invoking command in '/home/linaro/ludan_sdk/example/g1/low_level/build/motor_controller_with_enable': CMAKE_PREFIX_PATH=${CMAKE_PREFIX_PATH}:/opt/ros/humble /usr/bin/cmake --build /home/linaro/ludan_sdk/example/g1/low_level/build/motor_controller_with_enable -- -j8 -l8
[0.118s] Consolidate compiler generated dependencies of target enable_motor_publisher
[0.135s] [ 16%] Building CXX object CMakeFiles/enable_motor_publisher.dir/enable_motor_publisher.cpp.o
[0.155s] [ 50%] Built target motor_control_example
[0.161s] Consolidate compiler generated dependencies of target motor_controller_with_enable
[0.198s] [ 83%] Built target motor_controller_with_enable
[0.434s] /home/linaro/ludan_sdk/example/g1/low_level/enable_motor_publisher.cpp:7:10: fatal error: xixilowcmd/msg/motor_cmd.hpp: No such file or directory
[0.435s]     7 | #include "xixilowcmd/msg/motor_cmd.hpp"
[0.435s]       |          ^~~~~~~~~~~~~~~~~~~~~~~~~~~~~~
[0.435s] compilation terminated.
[0.445s] gmake[2]: *** [CMakeFiles/enable_motor_publisher.dir/build.make:76: CMakeFiles/enable_motor_publisher.dir/enable_motor_publisher.cpp.o] Error 1
[0.446s] gmake[1]: *** [CMakeFiles/Makefile2:193: CMakeFiles/enable_motor_publisher.dir/all] Error 2
[0.446s] gmake: *** [Makefile:146: all] Error 2
[0.449s] Invoked command in '/home/linaro/ludan_sdk/example/g1/low_level/build/motor_controller_with_enable' returned '2': CMAKE_PREFIX_PATH=${CMAKE_PREFIX_PATH}:/opt/ros/humble /usr/bin/cmake --build /home/linaro/ludan_sdk/example/g1/low_level/build/motor_controller_with_enable -- -j8 -l8
