[0.013s] Invoking command in '/home/linaro/ludan_sdk/build/motor_feedback': CMAKE_PREFIX_PATH=${CMAKE_PREFIX_PATH}:/opt/ros/humble /usr/bin/cmake --build /home/linaro/ludan_sdk/build/motor_feedback -- -j8 -l8
[0.099s] [  2%] Built target motor_feedback__cpp
[0.109s] [  2%] Built target ament_cmake_python_copy_motor_feedback
[0.118s] [  5%] Building C object CMakeFiles/motor_feedback__rosidl_generator_c.dir/rosidl_generator_c/motor_feedback/msg/detail/motor_feedback__functions.c.o
[0.119s] [  8%] Building CXX object CMakeFiles/motor_feedback__rosidl_typesupport_introspection_cpp.dir/rosidl_typesupport_introspection_cpp/motor_feedback/msg/detail/motor_feedback__type_support.cpp.o
[0.137s] In file included from /home/linaro/ludan_sdk/build/motor_feedback/rosidl_generator_c/motor_feedback/msg/detail/motor_feedback__functions.h:19,
[0.137s]                  from /home/linaro/ludan_sdk/build/motor_feedback/rosidl_generator_c/motor_feedback/msg/detail/motor_feedback__functions.c:4:
[0.138s] /home/linaro/ludan_sdk/build/motor_feedback/rosidl_generator_c/motor_feedback/msg/detail/motor_feedback__struct.h:22:10: fatal error: builtin_interfaces/msg/detail/time__struct.h: No such file or directory
[0.138s]    22 | #include "builtin_interfaces/msg/detail/time__struct.h"
[0.138s]       |          ^~~~~~~~~~~~~~~~~~~~~~~~~~~~~~~~~~~~~~~~~~~~~~
[0.138s] compilation terminated.
[0.138s] gmake[2]: *** [CMakeFiles/motor_feedback__rosidl_generator_c.dir/build.make:105: CMakeFiles/motor_feedback__rosidl_generator_c.dir/rosidl_generator_c/motor_feedback/msg/detail/motor_feedback__functions.c.o] Error 1
[0.138s] gmake[1]: *** [CMakeFiles/Makefile2:217: CMakeFiles/motor_feedback__rosidl_generator_c.dir/all] Error 2
[0.138s] gmake[1]: *** Waiting for unfinished jobs....
[0.151s] [ 14%] Building CXX object CMakeFiles/motor_feedback__rosidl_typesupport_fastrtps_cpp.dir/rosidl_typesupport_fastrtps_cpp/motor_feedback/msg/detail/dds_fastrtps/motor_feedback__type_support.cpp.o
[0.151s] [ 14%] Building CXX object CMakeFiles/motor_feedback__rosidl_typesupport_cpp.dir/rosidl_typesupport_cpp/motor_feedback/msg/motor_feedback__type_support.cpp.o
[0.195s] In file included from /home/linaro/ludan_sdk/build/motor_feedback/rosidl_typesupport_introspection_cpp/motor_feedback/msg/detail/motor_feedback__type_support.cpp:12:
[0.195s] /home/linaro/ludan_sdk/build/motor_feedback/rosidl_generator_cpp/motor_feedback/msg/detail/motor_feedback__struct.hpp:20:10: fatal error: builtin_interfaces/msg/detail/time__struct.hpp: No such file or directory
[0.195s]    20 | #include "builtin_interfaces/msg/detail/time__struct.hpp"
[0.195s]       |          ^~~~~~~~~~~~~~~~~~~~~~~~~~~~~~~~~~~~~~~~~~~~~~~~
[0.195s] compilation terminated.
[0.198s] gmake[2]: *** [CMakeFiles/motor_feedback__rosidl_typesupport_introspection_cpp.dir/build.make:91: CMakeFiles/motor_feedback__rosidl_typesupport_introspection_cpp.dir/rosidl_typesupport_introspection_cpp/motor_feedback/msg/detail/motor_feedback__type_support.cpp.o] Error 1
[0.198s] gmake[1]: *** [CMakeFiles/Makefile2:373: CMakeFiles/motor_feedback__rosidl_typesupport_introspection_cpp.dir/all] Error 2
[0.245s] In file included from /home/linaro/ludan_sdk/build/motor_feedback/rosidl_typesupport_cpp/motor_feedback/msg/motor_feedback__type_support.cpp:7:
[0.246s] /home/linaro/ludan_sdk/build/motor_feedback/rosidl_generator_cpp/motor_feedback/msg/detail/motor_feedback__struct.hpp:20:10: fatal error: builtin_interfaces/msg/detail/time__struct.hpp: No such file or directory
[0.246s]    20 | #include "builtin_interfaces/msg/detail/time__struct.hpp"
[0.247s]       |          ^~~~~~~~~~~~~~~~~~~~~~~~~~~~~~~~~~~~~~~~~~~~~~~~
[0.247s] compilation terminated.
[0.247s] gmake[2]: *** [CMakeFiles/motor_feedback__rosidl_typesupport_cpp.dir/build.make:86: CMakeFiles/motor_feedback__rosidl_typesupport_cpp.dir/rosidl_typesupport_cpp/motor_feedback/msg/motor_feedback__type_support.cpp.o] Error 1
[0.248s] In file included from /home/linaro/ludan_sdk/build/motor_feedback/rosidl_typesupport_fastrtps_cpp/motor_feedback/msg/detail/motor_feedback__rosidl_typesupport_fastrtps_cpp.hpp:11,
[0.248s]                  from /home/linaro/ludan_sdk/build/motor_feedback/rosidl_typesupport_fastrtps_cpp/motor_feedback/msg/detail/dds_fastrtps/motor_feedback__type_support.cpp:4:
[0.249s] /home/linaro/ludan_sdk/build/motor_feedback/rosidl_generator_cpp/motor_feedback/msg/detail/motor_feedback__struct.hpp:20:10: fatal error: builtin_interfaces/msg/detail/time__struct.hpp: No such file or directory
[0.249s]    20 | #include "builtin_interfaces/msg/detail/time__struct.hpp"
[0.249s]       |          ^~~~~~~~~~~~~~~~~~~~~~~~~~~~~~~~~~~~~~~~~~~~~~~~
[0.250s] gmake[1]: *** [CMakeFiles/Makefile2:399: CMakeFiles/motor_feedback__rosidl_typesupport_cpp.dir/all] Error 2
[0.250s] compilation terminated.
[0.251s] gmake[2]: *** [CMakeFiles/motor_feedback__rosidl_typesupport_fastrtps_cpp.dir/build.make:91: CMakeFiles/motor_feedback__rosidl_typesupport_fastrtps_cpp.dir/rosidl_typesupport_fastrtps_cpp/motor_feedback/msg/detail/dds_fastrtps/motor_feedback__type_support.cpp.o] Error 1
[0.251s] gmake[1]: *** [CMakeFiles/Makefile2:295: CMakeFiles/motor_feedback__rosidl_typesupport_fastrtps_cpp.dir/all] Error 2
[0.410s] running egg_info
[0.411s] writing motor_feedback.egg-info/PKG-INFO
[0.412s] writing dependency_links to motor_feedback.egg-info/dependency_links.txt
[0.412s] writing top-level names to motor_feedback.egg-info/top_level.txt
[0.414s] reading manifest file 'motor_feedback.egg-info/SOURCES.txt'
[0.415s] writing manifest file 'motor_feedback.egg-info/SOURCES.txt'
[0.478s] [ 14%] Built target ament_cmake_python_build_motor_feedback_egg
[0.480s] gmake: *** [Makefile:146: all] Error 2
[0.487s] Invoked command in '/home/linaro/ludan_sdk/build/motor_feedback' returned '2': CMAKE_PREFIX_PATH=${CMAKE_PREFIX_PATH}:/opt/ros/humble /usr/bin/cmake --build /home/linaro/ludan_sdk/build/motor_feedback -- -j8 -l8
